c:\users\seschbach\desktop\skullbonez_core_gold\release\vc142.pdb
c:\users\seschbach\desktop\skullbonez_core_gold\release\skullbonezvector3.obj
c:\users\seschbach\desktop\skullbonez_core_gold\release\skullboneztimer.obj
c:\users\seschbach\desktop\skullbonez_core_gold\release\skullboneztexturecollection.obj
c:\users\seschbach\desktop\skullbonez_core_gold\release\skullboneztext.obj
c:\users\seschbach\desktop\skullbonez_core_gold\release\skullbonezterrain.obj
c:\users\seschbach\desktop\skullbonez_core_gold\release\skullbonezskybox.obj
c:\users\seschbach\desktop\skullbonez_core_gold\release\skullbonezrun.obj
c:\users\seschbach\desktop\skullbonez_core_gold\release\skullbonezrotationmatrix.obj
c:\users\seschbach\desktop\skullbonez_core_gold\release\skullbonezrigidbody.obj
c:\users\seschbach\desktop\skullbonez_core_gold\release\skullbonezquaternion.obj
c:\users\seschbach\desktop\skullbonez_core_gold\release\skullbonezinput.obj
c:\users\seschbach\desktop\skullbonez_core_gold\release\skullbonezinit.obj
c:\users\seschbach\desktop\skullbonez_core_gold\release\skullbonezhelper.obj
c:\users\seschbach\desktop\skullbonez_core_gold\release\skullbonezgeometricmath.obj
c:\users\seschbach\desktop\skullbonez_core_gold\release\skullbonezgamemodelcollection.obj
c:\users\seschbach\desktop\skullbonez_core_gold\release\skullbonezgamemodel.obj
c:\users\seschbach\desktop\skullbonez_core_gold\release\skullbonezcollisionresponse.obj
c:\users\seschbach\desktop\skullbonez_core_gold\release\skullbonezcameracollection.obj
c:\users\seschbach\desktop\skullbonez_core_gold\release\skullbonezcamera.obj
c:\users\seschbach\desktop\skullbonez_core_gold\release\skullbonezboundingsphere.obj
c:\users\seschbach\desktop\skullbonez_core_gold\release\skullbonezworldenvironment.obj
c:\users\seschbach\desktop\skullbonez_core_gold\release\skullbonezwindow.obj
c:\users\seschbach\desktop\skullbonez_core_gold\release\skullbonez_core.tlog\cl.command.1.tlog
c:\users\seschbach\desktop\skullbonez_core_gold\release\skullbonez_core.tlog\cl.read.1.tlog
c:\users\seschbach\desktop\skullbonez_core_gold\release\skullbonez_core.tlog\cl.write.1.tlog
c:\users\seschbach\desktop\skullbonez_core_gold\release\skullbonez_core.tlog\link.command.1.tlog
c:\users\seschbach\desktop\skullbonez_core_gold\release\skullbonez_core.tlog\link.read.1.tlog
c:\users\seschbach\desktop\skullbonez_core_gold\release\skullbonez_core.tlog\link.write.1.tlog
